<?xml version="1.0" encoding="UTF-8"?>
<!-- Generated by org.testng.reporters.JUnitReportReporter -->
<testsuite skipped="0" hostname="PLPC017457" name="runner.TestRunner" tests="1" failures="0" timestamp="19 Jan 2022 16:49:04 GMT" time="18.116" errors="0">
  <testcase name="runScenario" time="18.116" classname="runner.TestRunner"/>
</testsuite> <!-- runner.TestRunner -->
