<?xml version="1.0" encoding="UTF-8"?>
<!-- Generated by org.testng.reporters.JUnitReportReporter -->
<testsuite skipped="0" hostname="PLPC017457" name="runner.TestRunner" tests="1" failures="0" timestamp="25 Jan 2022 17:26:27 GMT" time="20.913" errors="0">
  <testcase name="runScenario" time="20.913" classname="runner.TestRunner"/>
</testsuite> <!-- runner.TestRunner -->
