<?xml version="1.0" encoding="UTF-8"?>
<!-- Generated by org.testng.reporters.JUnitReportReporter -->
<testsuite skipped="0" hostname="PLPC017457" name="runner.TestRunner" tests="1" failures="0" timestamp="25 Jan 2022 16:29:21 GMT" time="21.392" errors="0">
  <testcase name="runScenario" time="21.392" classname="runner.TestRunner"/>
</testsuite> <!-- runner.TestRunner -->
