<?xml version="1.0" encoding="UTF-8"?>
<!-- Generated by org.testng.reporters.JUnitReportReporter -->
<testsuite skipped="0" hostname="PLPC017457" name="runner.TestRunner" tests="1" failures="0" timestamp="19 Jan 2022 15:57:21 GMT" time="25.604" errors="0">
  <testcase name="runScenario" time="25.604" classname="runner.TestRunner"/>
</testsuite> <!-- runner.TestRunner -->
