<?xml version="1.0" encoding="UTF-8"?>
<!-- Generated by org.testng.reporters.JUnitReportReporter -->
<testsuite skipped="0" hostname="PLPC017457" name="runner.TestRunner" tests="1" failures="0" timestamp="17 Jan 2022 16:34:19 GMT" time="34.721" errors="0">
  <testcase name="runScenario" time="34.721" classname="runner.TestRunner"/>
</testsuite> <!-- runner.TestRunner -->
