<?xml version="1.0" encoding="UTF-8"?>
<!-- Generated by org.testng.reporters.JUnitReportReporter -->
<testsuite skipped="0" hostname="PLPC017457" name="runner.TestRunner" tests="1" failures="0" timestamp="13 Jan 2022 10:05:28 GMT" time="39.440" errors="0">
  <testcase name="runScenario" time="39.440" classname="runner.TestRunner"/>
</testsuite> <!-- runner.TestRunner -->
