<?xml version="1.0" encoding="UTF-8"?>
<!-- Generated by org.testng.reporters.JUnitReportReporter -->
<testsuite skipped="0" hostname="PLPC017457" name="runner.TestRunner" tests="1" failures="0" timestamp="14 Jan 2022 15:27:48 GMT" time="155.208" errors="0">
  <testcase name="runScenario" time="155.208" classname="runner.TestRunner"/>
</testsuite> <!-- runner.TestRunner -->
