<?xml version="1.0" encoding="UTF-8"?>
<!-- Generated by org.testng.reporters.JUnitReportReporter -->
<testsuite skipped="0" hostname="PLPC017457" name="runner.TestRunner" tests="1" failures="0" timestamp="12 Jan 2022 14:03:24 GMT" time="30.690" errors="0">
  <testcase name="runScenario" time="30.690" classname="runner.TestRunner"/>
</testsuite> <!-- runner.TestRunner -->
